0 info it worked if it ends with ok
1 verbose cli [ 'node',
1 verbose cli   '/usr/local/bin/npm',
1 verbose cli   'install',
1 verbose cli   'angular-toggle-switch' ]
2 info using npm@1.4.28
3 info using node@v0.10.33
4 warn package.json karma-firefox-launcher@0.1.4 No README data
5 warn package.json karma-phantomjs-launcher@0.1.4 No README data
6 warn package.json karma-chrome-launcher@0.1.7 No README data
7 verbose readDependencies using package.json deps
8 verbose cache add [ 'angular-toggle-switch', null ]
9 verbose cache add name=undefined spec="angular-toggle-switch" args=["angular-toggle-switch",null]
10 verbose parsed url { protocol: null,
10 verbose parsed url   slashes: null,
10 verbose parsed url   auth: null,
10 verbose parsed url   host: null,
10 verbose parsed url   port: null,
10 verbose parsed url   hostname: null,
10 verbose parsed url   hash: null,
10 verbose parsed url   search: null,
10 verbose parsed url   query: null,
10 verbose parsed url   pathname: 'angular-toggle-switch',
10 verbose parsed url   path: 'angular-toggle-switch',
10 verbose parsed url   href: 'angular-toggle-switch' }
11 silly lockFile c958fc32-angular-toggle-switch angular-toggle-switch
12 verbose lock angular-toggle-switch /Users/amirbaer/.npm/c958fc32-angular-toggle-switch.lock
13 silly lockFile c958fc32-angular-toggle-switch angular-toggle-switch
14 silly lockFile c958fc32-angular-toggle-switch angular-toggle-switch
15 verbose addNamed [ 'angular-toggle-switch', '' ]
16 verbose addNamed [ null, '*' ]
17 silly lockFile e33c6d3d-angular-toggle-switch angular-toggle-switch@
18 verbose lock angular-toggle-switch@ /Users/amirbaer/.npm/e33c6d3d-angular-toggle-switch.lock
19 silly addNameRange { name: 'angular-toggle-switch', range: '*', hasData: false }
20 verbose request where is /angular-toggle-switch
21 verbose request registry https://registry.npmjs.org/
22 verbose request id ff1216ad2a81f6a5
23 verbose url raw /angular-toggle-switch
24 verbose url resolving [ 'https://registry.npmjs.org/', './angular-toggle-switch' ]
25 verbose url resolved https://registry.npmjs.org/angular-toggle-switch
26 verbose request where is https://registry.npmjs.org/angular-toggle-switch
27 info trying registry request attempt 1 at 11:54:32
28 http GET https://registry.npmjs.org/angular-toggle-switch
29 http 404 https://registry.npmjs.org/angular-toggle-switch
30 verbose headers { date: 'Sun, 04 Jan 2015 09:54:33 GMT',
30 verbose headers   server: 'CouchDB/1.5.0 (Erlang OTP/R16B03)',
30 verbose headers   'content-type': 'application/json',
30 verbose headers   'cache-control': 'max-age=0',
30 verbose headers   'content-length': '52',
30 verbose headers   'accept-ranges': 'bytes',
30 verbose headers   via: '1.1 varnish',
30 verbose headers   age: '0',
30 verbose headers   'x-served-by': 'cache-lhr6328-LHR',
30 verbose headers   'x-cache': 'MISS',
30 verbose headers   'x-cache-hits': '0',
30 verbose headers   'x-timer': 'S1420365273.080733,VS0,VE627',
30 verbose headers   'keep-alive': 'timeout=10, max=50',
30 verbose headers   connection: 'Keep-Alive' }
31 silly registry.get cb [ 404,
31 silly registry.get   { date: 'Sun, 04 Jan 2015 09:54:33 GMT',
31 silly registry.get     server: 'CouchDB/1.5.0 (Erlang OTP/R16B03)',
31 silly registry.get     'content-type': 'application/json',
31 silly registry.get     'cache-control': 'max-age=0',
31 silly registry.get     'content-length': '52',
31 silly registry.get     'accept-ranges': 'bytes',
31 silly registry.get     via: '1.1 varnish',
31 silly registry.get     age: '0',
31 silly registry.get     'x-served-by': 'cache-lhr6328-LHR',
31 silly registry.get     'x-cache': 'MISS',
31 silly registry.get     'x-cache-hits': '0',
31 silly registry.get     'x-timer': 'S1420365273.080733,VS0,VE627',
31 silly registry.get     'keep-alive': 'timeout=10, max=50',
31 silly registry.get     connection: 'Keep-Alive' } ]
32 silly lockFile e33c6d3d-angular-toggle-switch angular-toggle-switch@
33 silly lockFile e33c6d3d-angular-toggle-switch angular-toggle-switch@
34 error 404 404 Not Found: angular-toggle-switch
34 error 404
34 error 404 'angular-toggle-switch' is not in the npm registry.
34 error 404 You should bug the author to publish it
34 error 404 It was specified as a dependency of 'angular-seed'
34 error 404
34 error 404 Note that you can also install from a
34 error 404 tarball, folder, or http url, or git url.
35 error System Darwin 13.4.0
36 error command "node" "/usr/local/bin/npm" "install" "angular-toggle-switch"
37 error cwd /Users/amirbaer/Projects/git/amirbaer.github.io/shopping/app
38 error node -v v0.10.33
39 error npm -v 1.4.28
40 error code E404
41 verbose exit [ 1, true ]
